<?xml version="1.0" encoding="UTF-8"?>
<!-- Generated by org.testng.reporters.JUnitReportReporter -->
<testsuite hostname="JAGANNATH-PC" name="com.test.mavenTest.AppTest" tests="1" failures="0" timestamp="21 Sep 2016 21:40:44 GMT" time="0.001" errors="0">
  <testcase name="testApp" time="0.001" classname="com.test.mavenTest.AppTest"/>
</testsuite> <!-- com.test.mavenTest.AppTest -->
