<?xml version="1.0" encoding="UTF-8"?>
<!-- Generated by org.testng.reporters.JUnitReportReporter -->
<testsuite hostname="JAGANNATH-PC" name="com.test.mavenTest.App" tests="1" failures="0" timestamp="21 Sep 2016 19:50:06 GMT" time="0.024" errors="0">
  <testcase name="run" time="0.024" classname="com.test.mavenTest.App"/>
</testsuite> <!-- com.test.mavenTest.App -->
